[35m[Appium][39m Welcome to Appium v1.22.3
[35m[Appium][39m Non-default server args:
[35m[Appium][39m   port: 60097
[35m[Appium][39m   loglevel: info
[35m[Appium][39m   tmpDir: /var/folders/dn/lg_xf24n32lf04vnrmp7cpdc0000gp/T//Katalon/Appium/Temp1698357270351
[35m[Appium][39m   chromedriverPort: 60098
[35m[Appium][39m Deprecated server args:
[35m[Appium][39m   [31m--chromedriver-port[39m => --default-capabilities
[35m[Appium][39m Default capabilities, which will be added to each request unless overridden by desired capabilities:
[35m[Appium][39m   chromedriverPort: 60098
[35m[Appium][39m Appium REST http interface listener started on 0.0.0.0:60097
[35m[HTTP][39m [37m-->[39m [37mGET[39m [37m/wd/hub/status[39m
[35m[HTTP][39m [90m{}[39m
[35m[HTTP][39m [37m<-- GET /wd/hub/status [39m[32m200[39m [90m6 ms - 68[39m
[35m[HTTP][39m [90m[39m
[35m[HTTP][39m [37m-->[39m [37mGET[39m [37m/wd/hub/status[39m
[35m[HTTP][39m [90m{}[39m
[35m[HTTP][39m [37m<-- GET /wd/hub/status [39m[32m200[39m [90m1 ms - 68[39m
[35m[HTTP][39m [90m[39m
[35m[HTTP][39m [37m-->[39m [37mPOST[39m [37m/wd/hub/session[39m
[35m[HTTP][39m [90m{"desiredCapabilities":{"app":"/Users/aghni/Downloads/mst-qa-0.0.1.apk","noReset":true,"deviceName":"emulator-5554 (Android SDK built for x86 - Android 11)","fullReset":false,"platform":"ANDROID","newCommandTimeout":1800,"platformVersion":"11","automationName":"uiautomator2","autoGrantPermissions":true,"platformName":"Android","udid":"emulator-5554","systemPort":60114},"capabilities":{"firstMatch":[{"appium:app":"/Users/aghni/Downloads/mst-qa-0.0.1.apk","appium:autoGrantPermissions":true,"appium:automationName":"uiautomator2","appium:deviceName":"emulator-5554 (Android SDK built for x86 - Android 11)","appium:fullReset":false,"appium:newCommandTimeout":1800,"appium:noReset":true,"platform":"ANDROID","platformName":"android","appium:platformVersion":"11","appium:systemPort":60114,"appium:udid":"emulator-5554"}]}}[39m
[35m[BaseDriver][39m The following capabilities are not standard capabilities and should have an extension prefix:
[35m[BaseDriver][39m   platform
[35m[BaseDriver][39m   chromedriverPort
[35m[Appium][39m Appium v1.22.3 creating new AndroidUiautomator2Driver (v1.70.1) session
[35m[BaseDriver][39m The following capabilities were provided, but are not recognized by Appium:
[35m[BaseDriver][39m   platform
[35m[BaseDriver][39m Session created with session id: 8aec8e18-ceb7-4525-9608-7b9b79121d22
[35m[BaseDriver][39m Using local app '/Users/aghni/Downloads/mst-qa-0.0.1.apk'
[35m[ADB][39m Found 1 'build-tools' folders under '/Users/aghni/.katalon/tools/android_sdk' (newest first):
[35m[ADB][39m     /Users/aghni/.katalon/tools/android_sdk/build-tools/29.0.3
[35m[ADB][39m Using 'adb' from '/Users/aghni/.katalon/tools/android_sdk/platform-tools/adb'
[35m[AndroidDriver][39m Retrieving device list
[35m[AndroidDriver][39m Using device: emulator-5554
[35m[ADB][39m Using 'adb' from '/Users/aghni/.katalon/tools/android_sdk/platform-tools/adb'
[35m[ADB][39m Getting device platform version
[35m[UiAutomator2][39m Relaxing hidden api policy
[35m[ADB][39m Package name: 'com.mstqa'
[35m[ADB][39m Main activity name: 'com.mstqa.MainActivity'
[35m[ADB][39m Using 'apksigner.jar' from '/Users/aghni/.katalon/tools/android_sdk/build-tools/29.0.3/lib/apksigner.jar'
[35m[ADB][39m '/usr/local/lib/node_modules/appium/node_modules/appium-uiautomator2-server/apks/appium-uiautomator2-server-v4.27.0.apk' is signed with the default certificate
[35m[ADB][39m '/usr/local/lib/node_modules/appium/node_modules/appium-uiautomator2-server/apks/appium-uiautomator2-server-debug-androidTest.apk' is signed with the default certificate
[35m[UiAutomator2][39m Server packages are not going to be (re)installed
[35m[ADB][39m Adding packages ["io.appium.settings","io.appium.uiautomator2.server","io.appium.uiautomator2.server.test"] to Doze whitelist
[35m[ADB][39m '/Users/aghni/Downloads/mst-qa-0.0.1.apk' is signed with a non-default certificate
[35m[ADB][39m The application at '/Users/aghni/Downloads/mst-qa-0.0.1.apk' will not be cached, because the device under test has confirmed the support of streamed installs
[35m[ADB][39m The installation of 'mst-qa-0.0.1.apk' took 2512ms
[35m[UiAutomator2][39m Starting UIAutomator2 server 4.27.0
[35m[UiAutomator2][39m Using UIAutomator2 server from '/usr/local/lib/node_modules/appium/node_modules/appium-uiautomator2-server/apks/appium-uiautomator2-server-v4.27.0.apk' and test from '/usr/local/lib/node_modules/appium/node_modules/appium-uiautomator2-server/apks/appium-uiautomator2-server-debug-androidTest.apk'
[35m[UiAutomator2][39m Waiting up to 30000ms for UiAutomator2 to be online...
[35m[WD Proxy][39m socket hang up
[35m[WD Proxy][39m socket hang up
[35m[WD Proxy][39m socket hang up
[35m[WD Proxy][39m Determined the downstream protocol as 'W3C'
[35m[AndroidDriver][39m Screen already unlocked, doing nothing
[35m[UiAutomator2][39m Starting 'com.mstqa/com.mstqa.MainActivity and waiting for 'com.mstqa/com.mstqa.MainActivity'
[35m[Appium][39m New AndroidUiautomator2Driver session created successfully, session 8aec8e18-ceb7-4525-9608-7b9b79121d22 added to master session list
[35m[HTTP][39m [37m<-- POST /wd/hub/session [39m[32m200[39m [90m11074 ms - 1276[39m
[35m[HTTP][39m [90m[39m
[35m[HTTP][39m [37m-->[39m [37mGET[39m [37m/wd/hub/session/8aec8e18-ceb7-4525-9608-7b9b79121d22[39m
[35m[HTTP][39m [90m{}[39m
[35m[HTTP][39m [37m<-- GET /wd/hub/session/8aec8e18-ceb7-4525-9608-7b9b79121d22 [39m[32m200[39m [90m12 ms - 1230[39m
[35m[HTTP][39m [90m[39m
[35m[HTTP][39m [37m-->[39m [37mGET[39m [37m/wd/hub/session/8aec8e18-ceb7-4525-9608-7b9b79121d22[39m
[35m[HTTP][39m [90m{}[39m
[35m[HTTP][39m [37m<-- GET /wd/hub/session/8aec8e18-ceb7-4525-9608-7b9b79121d22 [39m[32m200[39m [90m12 ms - 1230[39m
[35m[HTTP][39m [90m[39m
[35m[HTTP][39m [37m-->[39m [37mGET[39m [37m/wd/hub/status[39m
[35m[HTTP][39m [90m{}[39m
[35m[HTTP][39m [37m<-- GET /wd/hub/status [39m[32m200[39m [90m1 ms - 68[39m
[35m[HTTP][39m [90m[39m
[35m[HTTP][39m [37m-->[39m [37mPOST[39m [37m/wd/hub/session/8aec8e18-ceb7-4525-9608-7b9b79121d22/timeouts[39m
[35m[HTTP][39m [90m{"implicit":60000}[39m
[35m[HTTP][39m [37m<-- POST /wd/hub/session/8aec8e18-ceb7-4525-9608-7b9b79121d22/timeouts [39m[32m200[39m [90m3 ms - 14[39m
[35m[HTTP][39m [90m[39m
[35m[HTTP][39m [37m-->[39m [37mGET[39m [37m/wd/hub/session/8aec8e18-ceb7-4525-9608-7b9b79121d22/source[39m
[35m[HTTP][39m [90m{}[39m
[35m[W3C (8aec8e18)][39m Driver proxy active, passing request on via HTTP proxy
[35m[WD Proxy][39m Replacing sessionId f2d98038-687a-4ac8-bc49-311673398d97 with 8aec8e18-ceb7-4525-9608-7b9b79121d22
[35m[HTTP][39m [37m<-- GET /wd/hub/session/8aec8e18-ceb7-4525-9608-7b9b79121d22/source [39m[32m200[39m [90m260 ms - 3094[39m
[35m[HTTP][39m [90m[39m
[35m[HTTP][39m [37m-->[39m [37mGET[39m [37m/wd/hub/session/8aec8e18-ceb7-4525-9608-7b9b79121d22/screenshot[39m
[35m[HTTP][39m [90m{}[39m
[35m[WD Proxy][39m Got response with status 500: {"sessionId":"f2d98038-687a-4ac8-bc49-311673398d97","value":{"error":"unable to capture screen","message":"Failed to capture a screenshot. Does the current view have 'secure' flag set?","stacktrace":"io.appium.uiautomator2.common.exceptions.TakeScreenshotException: Failed to capture a screenshot. Does the current view have 'secure' flag set?\n\tat io.appium.uiautomator2.utils.ScreenshotHelper.takeDeviceScreenshot(ScreenshotHelper.java:129)\n\tat io.appium.uiautomator2.utils.ScreenshotHelper.takeScreenshot(ScreenshotHelper.java:62)\n\tat io.appium.uiautomator2.utils.ScreenshotHelper.takeScreenshot(ScreenshotHelper.java:77)\n\tat io.appium.uiautomator2.handler.CaptureScreenshot.safeHandle(CaptureScreenshot.java:32)\n\tat io.appium.uiautomator2.handler.request.SafeRequestHandler.handle(SafeRequestHandler.java:59)\n\tat io.appium.uiautomator2.server.AppiumServlet.handleRequest(AppiumServlet.java:266)\n\tat io.appium.uiautomator2.server.AppiumServlet.handleHttpRequest(AppiumServlet.java:260)\n\tat io.appium.uia...
[35m[HTTP][39m [37m<-- GET /wd/hub/session/8aec8e18-ceb7-4525-9608-7b9b79121d22/screenshot [39m[31m500[39m [90m150 ms - 4082[39m
[35m[HTTP][39m [90m[39m
[35m[HTTP][39m [37m-->[39m [37mGET[39m [37m/wd/hub/session/8aec8e18-ceb7-4525-9608-7b9b79121d22/source[39m
[35m[HTTP][39m [90m{}[39m
[35m[W3C (8aec8e18)][39m Driver proxy active, passing request on via HTTP proxy
[35m[WD Proxy][39m Replacing sessionId f2d98038-687a-4ac8-bc49-311673398d97 with 8aec8e18-ceb7-4525-9608-7b9b79121d22
[35m[HTTP][39m [37m<-- GET /wd/hub/session/8aec8e18-ceb7-4525-9608-7b9b79121d22/source [39m[32m200[39m [90m136 ms - 13208[39m
[35m[HTTP][39m [90m[39m
[35m[HTTP][39m [37m-->[39m [37mGET[39m [37m/wd/hub/session/8aec8e18-ceb7-4525-9608-7b9b79121d22/screenshot[39m
[35m[HTTP][39m [90m{}[39m
[35m[HTTP][39m [37m<-- GET /wd/hub/session/8aec8e18-ceb7-4525-9608-7b9b79121d22/screenshot [39m[32m200[39m [90m426 ms - 69884[39m
[35m[HTTP][39m [90m[39m
[35m[HTTP][39m [37m-->[39m [37mPOST[39m [37m/wd/hub/session/8aec8e18-ceb7-4525-9608-7b9b79121d22/elements[39m
[35m[HTTP][39m [90m{"using":"xpath","value":"//*[@class = 'android.widget.TextView' and (@text = 'Secondary' or . = 'Secondary')]"}[39m
[35m[HTTP][39m [37m<-- POST /wd/hub/session/8aec8e18-ceb7-4525-9608-7b9b79121d22/elements [39m[32m200[39m [90m526 ms - 139[39m
[35m[HTTP][39m [90m[39m
[35m[HTTP][39m [37m-->[39m [37mGET[39m [37m/wd/hub/session/8aec8e18-ceb7-4525-9608-7b9b79121d22/source[39m
[35m[HTTP][39m [90m{}[39m
[35m[W3C (8aec8e18)][39m Driver proxy active, passing request on via HTTP proxy
[35m[WD Proxy][39m Replacing sessionId f2d98038-687a-4ac8-bc49-311673398d97 with 8aec8e18-ceb7-4525-9608-7b9b79121d22
[35m[HTTP][39m [37m<-- GET /wd/hub/session/8aec8e18-ceb7-4525-9608-7b9b79121d22/source [39m[32m200[39m [90m88 ms - 14030[39m
[35m[HTTP][39m [90m[39m
[35m[HTTP][39m [37m-->[39m [37mGET[39m [37m/wd/hub/session/8aec8e18-ceb7-4525-9608-7b9b79121d22/screenshot[39m
[35m[HTTP][39m [90m{}[39m
[35m[HTTP][39m [37m<-- GET /wd/hub/session/8aec8e18-ceb7-4525-9608-7b9b79121d22/screenshot [39m[32m200[39m [90m501 ms - 446780[39m
[35m[HTTP][39m [90m[39m
[35m[HTTP][39m [37m-->[39m [37mPOST[39m [37m/wd/hub/session/8aec8e18-ceb7-4525-9608-7b9b79121d22/elements[39m
[35m[HTTP][39m [90m{"using":"xpath","value":"//*[@class = 'android.widget.ImageView' and (@text = '' or . = '')]"}[39m
[35m[HTTP][39m [37m<-- POST /wd/hub/session/8aec8e18-ceb7-4525-9608-7b9b79121d22/elements [39m[32m200[39m [90m108 ms - 139[39m
[35m[HTTP][39m [90m[39m
[35m[BaseDriver][39m Shutting down because we waited 1800 seconds for a command
[35m[Appium][39m Closing session, cause was 'New Command Timeout of 1800 seconds expired. Try customizing the timeout using the 'newCommandTimeout' desired capability'
[35m[Appium][39m Removing session '8aec8e18-ceb7-4525-9608-7b9b79121d22' from our master session list
[35m[UiAutomator2][39m Did not get confirmation UiAutomator2 deleteSession worked; Error was: UnknownError: An unknown server-side error occurred while processing the command. Original error: 'DELETE /' cannot be proxied to UiAutomator2 server because the instrumentation process is not running (probably crashed). Check the server log and/or the logcat output for more details
[35m[UiAutomator2][39m Restoring hidden api policy to the device default configuration
